[ 2016-07-02T00:17:48+08:00 ] ::1 /xblog/index.php/Admin/User/index.js.map
ERR: 非法操作:index.js.map

[ 2016-07-02T00:19:07+08:00 ] ::1 /xblog/index.php/Admin/AuthManager/index.js.map
ERR: 非法操作:index.js.map

[ 2016-07-02T00:19:58+08:00 ] ::1 /xblog/index.php/Admin/AuthManager/index.js.map
ERR: 非法操作:index.js.map

[ 2016-07-02T00:20:00+08:00 ] ::1 /xblog/index.php/Admin/Admin/AuthManager/id/1.html
ERR: 无法加载控制器:Admin

[ 2016-07-02T00:20:01+08:00 ] ::1 /xblog/index.php/Admin/Admin/AuthManager/id/index.js.map
ERR: 无法加载控制器:Admin

[ 2016-07-02T00:20:16+08:00 ] ::1 /xblog/index.php/Admin/AuthManager/index.js.map
ERR: 非法操作:index.js.map

[ 2016-07-02T00:20:49+08:00 ] ::1 /xblog/index.php/Admin/AuthManager/index.js.map
ERR: 非法操作:index.js.map

[ 2016-07-02T00:20:55+08:00 ] ::1 /xblog/index.php/Admin/AuthManager/index.js.map
ERR: 非法操作:index.js.map

[ 2016-07-02T00:21:02+08:00 ] ::1 /xblog/index.php/Admin/AuthManager/index.js.map
ERR: 非法操作:index.js.map

[ 2016-07-02T00:26:28+08:00 ] ::1 /xblog/index.php/Admin/AuthManager/index.js.map
ERR: 非法操作:index.js.map

[ 2016-07-02T00:26:54+08:00 ] ::1 /xblog/index.php/Admin/AuthManager/index.js.map
ERR: 非法操作:index.js.map

[ 2016-07-02T00:26:57+08:00 ] ::1 /xblog/index.php/Admin/AuthManager/index.js.map
ERR: 非法操作:index.js.map

[ 2016-07-02T00:27:17+08:00 ] ::1 /xblog/index.php/Admin/AuthManager/index.js.map
ERR: 非法操作:index.js.map

[ 2016-07-02T00:27:21+08:00 ] ::1 /xblog/index.php/Admin/AuthManager/index.js.map
ERR: 非法操作:index.js.map

[ 2016-07-02T00:27:23+08:00 ] ::1 /xblog/index.php/Admin/AuthManager/index.js.map
ERR: 非法操作:index.js.map

[ 2016-07-02T00:27:26+08:00 ] ::1 /xblog/index.php/Admin/AuthManager/index.js.map
ERR: 非法操作:index.js.map

[ 2016-07-02T00:27:41+08:00 ] ::1 /xblog/index.php/Admin/AuthManager/index.js.map
ERR: 非法操作:index.js.map

[ 2016-07-02T00:27:43+08:00 ] ::1 /xblog/index.php/Admin/AuthManager/index.js.map
ERR: 非法操作:index.js.map

[ 2016-07-02T00:28:26+08:00 ] ::1 /xblog/index.php/Admin/AuthManager/index.js.map
ERR: 非法操作:index.js.map

[ 2016-07-02T00:28:39+08:00 ] ::1 /xblog/index.php/Admin/AuthManager/index.js.map
ERR: 非法操作:index.js.map

[ 2016-07-02T00:28:55+08:00 ] ::1 /xblog/index.php/Admin/AuthManager/index.js.map
ERR: 非法操作:index.js.map

[ 2016-07-02T00:28:57+08:00 ] ::1 /xblog/index.php/Admin/AuthManager/index.js.map
ERR: 非法操作:index.js.map

[ 2016-07-02T00:29:27+08:00 ] ::1 /xblog/index.php/Admin/AuthManager/index.js.map
ERR: 非法操作:index.js.map

[ 2016-07-02T00:29:33+08:00 ] ::1 /xblog/index.php/Admin/AuthManager/index.js.map
ERR: 非法操作:index.js.map

[ 2016-07-02T00:29:36+08:00 ] ::1 /xblog/index.php/Admin/AuthManager/index.js.map
ERR: 非法操作:index.js.map

[ 2016-07-02T00:34:11+08:00 ] ::1 /xblog/index.php/Admin/AuthManager/index.js.map
ERR: 非法操作:index.js.map

[ 2016-07-02T00:34:13+08:00 ] ::1 /xblog/index.php/Admin/AuthManager/index.js.map
ERR: 非法操作:index.js.map

[ 2016-07-02T00:34:15+08:00 ] ::1 /xblog/index.php/Admin/AuthManager/index.js.map
ERR: 非法操作:index.js.map

[ 2016-07-02T00:34:18+08:00 ] ::1 /xblog/index.php/Admin/AuthManager/index.js.map
ERR: 非法操作:index.js.map

[ 2016-07-02T00:34:23+08:00 ] ::1 /xblog/index.php/Admin/AuthManager/index.js.map
ERR: 非法操作:index.js.map

[ 2016-07-02T00:34:46+08:00 ] ::1 /xblog/index.php/Admin/AuthManager/index.js.map
ERR: 非法操作:index.js.map

[ 2016-07-02T00:34:50+08:00 ] ::1 /xblog/index.php/Admin/AuthManager/delRule
INFO: [ app_begin ] --START--
INFO: Run Behavior\ReadHtmlCacheBehavior [ RunTime:0.002000s ]
INFO: [ app_begin ] --END-- [ RunTime:0.003000s ]
SQL: SHOW COLUMNS FROM `z_auth_rule` [ RunTime:0.0100s ]

[ 2016-07-02T00:34:51+08:00 ] ::1 /xblog/index.php/Admin/AuthManager/index.js.map
ERR: 非法操作:index.js.map

[ 2016-07-02T00:35:48+08:00 ] ::1 /xblog/index.php/Admin/AuthManager/index.js.map
ERR: 非法操作:index.js.map

[ 2016-07-02T00:35:52+08:00 ] ::1 /xblog/index.php/Admin/AuthManager/delRule
INFO: [ app_begin ] --START--
INFO: Run Behavior\ReadHtmlCacheBehavior [ RunTime:0.002000s ]
INFO: [ app_begin ] --END-- [ RunTime:0.003000s ]
SQL: SHOW COLUMNS FROM `z_auth_rule` [ RunTime:0.0100s ]
SQL: DELETE FROM `z_auth_rule` WHERE `id` = 20 [ RunTime:0.0000s ]

[ 2016-07-02T00:35:54+08:00 ] ::1 /xblog/index.php/Admin/AuthManager/index.js.map
ERR: 非法操作:index.js.map

[ 2016-07-02T00:36:25+08:00 ] ::1 /xblog/index.php/Admin/AuthManager/index.js.map
ERR: 非法操作:index.js.map

[ 2016-07-02T00:39:00+08:00 ] ::1 /xblog/index.php/Admin/AuthManager/index.js.map
ERR: 非法操作:index.js.map

[ 2016-07-02T00:39:03+08:00 ] ::1 /xblog/index.php/Admin/AuthManager/index.js.map
ERR: 非法操作:index.js.map

[ 2016-07-02T08:19:23+08:00 ] ::1 /xblog/Admin/INDEX.PHP
ERR: 无法加载控制器:INDEX.PHP

[ 2016-07-02T19:00:26+08:00 ] ::1 /xblog/index.php/Admin/Article/index.js.map
ERR: 非法操作:index.js.map

[ 2016-07-02T19:01:38+08:00 ] ::1 /xblog/index.php/Admin/Article/index.js.map
ERR: 非法操作:index.js.map

[ 2016-07-02T19:01:57+08:00 ] ::1 /xblog/index.php/Admin/Article/index.js.map
ERR: 非法操作:index.js.map

[ 2016-07-02T19:02:02+08:00 ] ::1 /xblog/index.php/Admin/Article/uploadHandle
INFO: [ app_begin ] --START--
INFO: Run Behavior\ReadHtmlCacheBehavior [ RunTime:0.001000s ]
INFO: [ app_begin ] --END-- [ RunTime:0.002000s ]

[ 2016-07-02T19:02:24+08:00 ] ::1 /xblog/index.php/Admin/Article/index.js.map
ERR: 非法操作:index.js.map

[ 2016-07-02T19:02:27+08:00 ] ::1 /xblog/index.php/Admin/Article/uploadHandle
INFO: [ app_begin ] --START--
INFO: Run Behavior\ReadHtmlCacheBehavior [ RunTime:0.002001s ]
INFO: [ app_begin ] --END-- [ RunTime:0.002001s ]

[ 2016-07-02T19:09:19+08:00 ] ::1 /xblog/index.php/Admin/Article/index.js.map
ERR: 非法操作:index.js.map

[ 2016-07-02T19:09:23+08:00 ] ::1 /xblog/index.php/Admin/Article/upload.php
ERR: 非法操作:upload.php

[ 2016-07-02T19:09:24+08:00 ] ::1 /xblog/index.php/Admin/Article/index.js.map
ERR: 非法操作:index.js.map

[ 2016-07-02T19:10:09+08:00 ] ::1 /xblog/index.php/Admin/Article/index.js.map
ERR: 非法操作:index.js.map

[ 2016-07-02T19:10:11+08:00 ] ::1 /xblog/index.php/Admin/Article/index.js.map
ERR: 非法操作:index.js.map

[ 2016-07-02T19:10:35+08:00 ] ::1 /xblog/index.php/Admin/Article/index.js.map
ERR: 非法操作:index.js.map

[ 2016-07-02T20:42:48+08:00 ] ::1 /xblog/index.php/Admin/Article/index.js.map
ERR: 非法操作:index.js.map

[ 2016-07-02T20:42:48+08:00 ] ::1 /xblog/index.php/Admin/Article/index.js.map
ERR: 非法操作:index.js.map

[ 2016-07-02T20:52:08+08:00 ] ::1 /xblog/index.php/Admin/Article/index.js.map
ERR: 非法操作:index.js.map

[ 2016-07-02T20:53:34+08:00 ] ::1 /xblog/index.php/Admin/Article/index.js.map
ERR: 非法操作:index.js.map

[ 2016-07-02T20:54:16+08:00 ] ::1 /xblog/index.php/Admin/Article/index.js.map
ERR: 非法操作:index.js.map

[ 2016-07-02T20:56:10+08:00 ] ::1 /xblog/index.php/Admin/Article/index.js.map
ERR: 非法操作:index.js.map

[ 2016-07-02T20:56:13+08:00 ] ::1 /xblog/index.php/Admin/Article/index.js.map
ERR: 非法操作:index.js.map

[ 2016-07-02T20:58:32+08:00 ] ::1 /xblog/index.php/Admin/Article/index.js.map
ERR: 非法操作:index.js.map

[ 2016-07-02T21:00:17+08:00 ] ::1 /xblog/index.php/Admin/Article/index.js.map
ERR: 非法操作:index.js.map

[ 2016-07-02T21:01:03+08:00 ] ::1 /xblog/index.php/Admin/Article/index.js.map
ERR: 非法操作:index.js.map

[ 2016-07-02T21:01:33+08:00 ] ::1 /xblog/index.php/Admin/Article/index.js.map
ERR: 非法操作:index.js.map

[ 2016-07-02T21:02:36+08:00 ] ::1 /xblog/index.php/Admin/Article/index.js.map
ERR: 非法操作:index.js.map

[ 2016-07-02T21:03:00+08:00 ] ::1 /xblog/index.php/Admin/Article/index.js.map
ERR: 非法操作:index.js.map

[ 2016-07-02T21:05:06+08:00 ] ::1 /xblog/index.php/Admin/Article/index.js.map
ERR: 非法操作:index.js.map

[ 2016-07-02T21:05:23+08:00 ] ::1 /xblog/index.php/Admin/Article/index.js.map
ERR: 非法操作:index.js.map

[ 2016-07-02T21:10:37+08:00 ] ::1 /xblog/index.php/Admin/Article/index.js.map
ERR: 非法操作:index.js.map

[ 2016-07-02T21:11:27+08:00 ] ::1 /xblog/index.php/Admin/Article/index.js.map
ERR: 非法操作:index.js.map

[ 2016-07-02T21:12:14+08:00 ] ::1 /xblog/index.php/Admin/Article/index.js.map
ERR: 非法操作:index.js.map

[ 2016-07-02T21:13:04+08:00 ] ::1 /xblog/index.php/Admin/Article/index.js.map
ERR: 非法操作:index.js.map

[ 2016-07-02T21:13:08+08:00 ] ::1 /xblog/index.php/Admin/Article/index.js.map
ERR: 非法操作:index.js.map

[ 2016-07-02T21:13:24+08:00 ] ::1 /xblog/index.php/Admin/Article/index.js.map
ERR: 非法操作:index.js.map

[ 2016-07-02T21:14:09+08:00 ] ::1 /xblog/index.php/Admin/Article/index.js.map
ERR: 非法操作:index.js.map

[ 2016-07-02T21:14:47+08:00 ] ::1 /xblog/index.php/Admin/Article/index.js.map
ERR: 非法操作:index.js.map

[ 2016-07-02T21:15:03+08:00 ] ::1 /xblog/index.php/Admin/Article/index.js.map
ERR: 非法操作:index.js.map

[ 2016-07-02T21:15:06+08:00 ] ::1 /xblog/index.php/Admin/Article/index.js.map
ERR: 非法操作:index.js.map

[ 2016-07-02T21:15:37+08:00 ] ::1 /xblog/index.php/Admin/Article/index.js.map
ERR: 非法操作:index.js.map

[ 2016-07-02T21:16:16+08:00 ] ::1 /xblog/index.php/Admin/Article/index.js.map
ERR: 非法操作:index.js.map

[ 2016-07-02T21:24:18+08:00 ] ::1 /xblog/index.php/Admin/Article/index.js.map
ERR: 非法操作:index.js.map

[ 2016-07-02T21:33:53+08:00 ] ::1 /xblog/index.php/Admin/Article/index.js.map
ERR: 非法操作:index.js.map

[ 2016-07-02T21:33:57+08:00 ] ::1 /xblog/index.php/Admin/Article/index.js.map
ERR: 非法操作:index.js.map

[ 2016-07-02T21:34:09+08:00 ] ::1 /xblog/index.php/Admin/Article/index.js.map
ERR: 非法操作:index.js.map

[ 2016-07-02T21:34:31+08:00 ] ::1 /xblog/index.php/Admin/Article/index.js.map
ERR: 非法操作:index.js.map

[ 2016-07-02T21:34:34+08:00 ] ::1 /xblog/index.php/Admin/Article/index.js.map
ERR: 非法操作:index.js.map

[ 2016-07-02T21:36:37+08:00 ] ::1 /xblog/index.php/Admin/Article/index.js.map
ERR: 非法操作:index.js.map

[ 2016-07-02T21:36:51+08:00 ] ::1 /xblog/index.php/Admin/Article/index.js.map
ERR: 非法操作:index.js.map

[ 2016-07-02T21:36:55+08:00 ] ::1 /xblog/index.php/Admin/Article/index.js.map
ERR: 非法操作:index.js.map

[ 2016-07-02T21:54:08+08:00 ] ::1 /xblog/index.php/Admin/Article/index.js.map
ERR: 非法操作:index.js.map

[ 2016-07-02T21:54:28+08:00 ] ::1 /xblog/index.php/Admin/Article/index.js.map
ERR: 非法操作:index.js.map

[ 2016-07-02T21:54:30+08:00 ] ::1 /xblog/index.php/Admin/Article/index.js.map
ERR: 非法操作:index.js.map

[ 2016-07-02T21:54:48+08:00 ] ::1 /xblog/index.php/Admin/Article/index.js.map
ERR: 非法操作:index.js.map

[ 2016-07-02T21:54:51+08:00 ] ::1 /xblog/index.php/Admin/Article/index.js.map
ERR: 非法操作:index.js.map

[ 2016-07-02T21:55:03+08:00 ] ::1 /xblog/index.php/Admin/Article/index.js.map
ERR: 非法操作:index.js.map

[ 2016-07-02T21:55:06+08:00 ] ::1 /xblog/index.php/Admin/Article/index.js.map
ERR: 非法操作:index.js.map

[ 2016-07-02T21:56:10+08:00 ] ::1 /xblog/index.php/Admin/Article/index.js.map
ERR: 非法操作:index.js.map

[ 2016-07-02T21:56:12+08:00 ] ::1 /xblog/index.php/Admin/Article/index.js.map
ERR: 非法操作:index.js.map

[ 2016-07-02T21:57:45+08:00 ] ::1 /xblog/index.php/Admin/Article/index.js.map
ERR: 非法操作:index.js.map

[ 2016-07-02T22:01:54+08:00 ] ::1 /xblog/index.php/Admin/Article/index.js.map
ERR: 非法操作:index.js.map

[ 2016-07-02T22:02:42+08:00 ] ::1 /xblog/index.php/Admin/Article/index.js.map
ERR: 非法操作:index.js.map

[ 2016-07-02T22:04:24+08:00 ] ::1 /xblog/index.php/Admin/Article/index.js.map
ERR: 非法操作:index.js.map

[ 2016-07-02T22:04:47+08:00 ] ::1 /xblog/index.php/Admin/Article/index.js.map
ERR: 非法操作:index.js.map

[ 2016-07-02T22:29:39+08:00 ] ::1 /xblog/index.php/Admin/Article/index.js.map
ERR: 非法操作:index.js.map

[ 2016-07-02T22:30:04+08:00 ] ::1 /xblog/index.php/Admin/Article/index.js.map
ERR: 非法操作:index.js.map

[ 2016-07-02T22:32:01+08:00 ] ::1 /xblog/index.php/Admin/Article/index.js.map
ERR: 非法操作:index.js.map

[ 2016-07-02T22:32:35+08:00 ] ::1 /xblog/index.php/Admin/Article/index.js.map
ERR: 非法操作:index.js.map

[ 2016-07-02T22:33:12+08:00 ] ::1 /xblog/index.php/Admin/Article/index.js.map
ERR: 非法操作:index.js.map

[ 2016-07-02T22:33:16+08:00 ] ::1 /xblog/index.php/Admin/Article/index.js.map
ERR: 非法操作:index.js.map

