[ 2016-07-01T00:00:21+08:00 ] 127.0.0.1 /index.js.map
ERR: 无法加载控制器:Index.js.map

[ 2016-07-01T00:01:34+08:00 ] 127.0.0.1 /index.js.map
ERR: 无法加载控制器:Index.js.map

[ 2016-07-01T00:02:45+08:00 ] 127.0.0.1 /index.js.map
ERR: 无法加载控制器:Index.js.map

[ 2016-07-01T00:04:39+08:00 ] 127.0.0.1 /index.js.map
ERR: 无法加载控制器:Index.js.map

[ 2016-07-01T00:05:11+08:00 ] 127.0.0.1 /index.js.map
ERR: 无法加载控制器:Index.js.map

[ 2016-07-01T00:05:25+08:00 ] 127.0.0.1 /index.js.map
ERR: 无法加载控制器:Index.js.map

[ 2016-07-01T00:05:55+08:00 ] 127.0.0.1 /index.js.map
ERR: 无法加载控制器:Index.js.map

[ 2016-07-01T00:08:10+08:00 ] 127.0.0.1 /index.js.map
ERR: 无法加载控制器:Index.js.map

[ 2016-07-01T00:09:06+08:00 ] 127.0.0.1 /index.js.map
ERR: 无法加载控制器:Index.js.map

[ 2016-07-01T00:09:30+08:00 ] 127.0.0.1 /index.js.map
ERR: 无法加载控制器:Index.js.map

[ 2016-07-01T00:10:42+08:00 ] 127.0.0.1 /index.js.map
ERR: 无法加载控制器:Index.js.map

[ 2016-07-01T00:11:24+08:00 ] 127.0.0.1 /index.js.map
ERR: 无法加载控制器:Index.js.map

[ 2016-07-01T00:12:20+08:00 ] 127.0.0.1 /index.js.map
ERR: 无法加载控制器:Index.js.map

[ 2016-07-01T00:13:06+08:00 ] 127.0.0.1 /index.js.map
ERR: 无法加载控制器:Index.js.map

[ 2016-07-01T00:13:36+08:00 ] 127.0.0.1 /index.js.map
ERR: 无法加载控制器:Index.js.map

[ 2016-07-01T00:15:07+08:00 ] 127.0.0.1 /index.js.map
ERR: 无法加载控制器:Index.js.map

[ 2016-07-01T00:15:32+08:00 ] 127.0.0.1 /index.js.map
ERR: 无法加载控制器:Index.js.map

[ 2016-07-01T00:16:18+08:00 ] 127.0.0.1 /index.js.map
ERR: 无法加载控制器:Index.js.map

[ 2016-07-01T00:16:42+08:00 ] 127.0.0.1 /index.js.map
ERR: 无法加载控制器:Index.js.map

[ 2016-07-01T00:17:17+08:00 ] 127.0.0.1 /index.js.map
ERR: 无法加载控制器:Index.js.map

[ 2016-07-01T00:17:37+08:00 ] 127.0.0.1 /index.js.map
ERR: 无法加载控制器:Index.js.map

[ 2016-07-01T00:18:08+08:00 ] 127.0.0.1 /index.js.map
ERR: 无法加载控制器:Index.js.map

[ 2016-07-01T00:18:25+08:00 ] 127.0.0.1 /index.js.map
ERR: 无法加载控制器:Index.js.map

[ 2016-07-01T00:27:26+08:00 ] 127.0.0.1 /index.js.map
ERR: 无法加载控制器:Index.js.map

[ 2016-07-01T00:27:44+08:00 ] 127.0.0.1 /index.js.map
ERR: 无法加载控制器:Index.js.map

[ 2016-07-01T00:28:24+08:00 ] 127.0.0.1 /index.js.map
ERR: 无法加载控制器:Index.js.map

[ 2016-07-01T00:28:41+08:00 ] 127.0.0.1 /index.js.map
ERR: 无法加载控制器:Index.js.map

[ 2016-07-01T00:28:56+08:00 ] 127.0.0.1 /index.js.map
ERR: 无法加载控制器:Index.js.map

[ 2016-07-01T00:29:11+08:00 ] 127.0.0.1 /index.js.map
ERR: 无法加载控制器:Index.js.map

[ 2016-07-01T00:32:52+08:00 ] 127.0.0.1 /index.js.map
ERR: 无法加载控制器:Index.js.map

[ 2016-07-01T00:34:42+08:00 ] 127.0.0.1 /index.js.map
ERR: 无法加载控制器:Index.js.map

[ 2016-07-01T00:35:26+08:00 ] 127.0.0.1 /index.js.map
ERR: 无法加载控制器:Index.js.map

[ 2016-07-01T00:37:20+08:00 ] 127.0.0.1 /index.js.map
ERR: 无法加载控制器:Index.js.map

[ 2016-07-01T00:37:23+08:00 ] 127.0.0.1 /index.js.map
ERR: 无法加载控制器:Index.js.map

[ 2016-07-01T00:37:43+08:00 ] 127.0.0.1 /index.js.map
ERR: 无法加载控制器:Index.js.map

[ 2016-07-01T00:38:43+08:00 ] 127.0.0.1 /index.js.map
ERR: 无法加载控制器:Index.js.map

[ 2016-07-01T00:38:56+08:00 ] 127.0.0.1 /index.js.map
ERR: 无法加载控制器:Index.js.map

[ 2016-07-01T00:41:00+08:00 ] 127.0.0.1 /index.js.map
ERR: 无法加载控制器:Index.js.map

[ 2016-07-01T00:41:28+08:00 ] 127.0.0.1 /index.js.map
ERR: 无法加载控制器:Index.js.map

[ 2016-07-01T00:41:42+08:00 ] 127.0.0.1 /index.js.map
ERR: 无法加载控制器:Index.js.map

[ 2016-07-01T00:42:15+08:00 ] 127.0.0.1 /index.js.map
ERR: 无法加载控制器:Index.js.map

[ 2016-07-01T00:42:57+08:00 ] 127.0.0.1 /index.js.map
ERR: 无法加载控制器:Index.js.map

[ 2016-07-01T00:44:23+08:00 ] 127.0.0.1 /index.js.map
ERR: 无法加载控制器:Index.js.map

[ 2016-07-01T00:45:02+08:00 ] 127.0.0.1 /index.js.map
ERR: 无法加载控制器:Index.js.map

[ 2016-07-01T22:38:16+08:00 ] ::1 /xblog/
ERR: SQLSTATE[HY000] [2000] mysqlnd cannot connect to MySQL 4.1+ using the old insecure authentication. Please use an administration tool to reset your password with the command SET PASSWORD = PASSWORD('your_existing_password'). This will store a new, and more secure, hash value in mysql.user. If this user is used in other scripts executed by PHP 5.2 or earlier you might need to remove the old-passwords flag from your my.cnf file

[ 2016-07-01T22:38:19+08:00 ] ::1 /xblog/
ERR: SQLSTATE[HY000] [2000] mysqlnd cannot connect to MySQL 4.1+ using the old insecure authentication. Please use an administration tool to reset your password with the command SET PASSWORD = PASSWORD('your_existing_password'). This will store a new, and more secure, hash value in mysql.user. If this user is used in other scripts executed by PHP 5.2 or earlier you might need to remove the old-passwords flag from your my.cnf file

[ 2016-07-01T22:38:33+08:00 ] ::1 /xblog/
ERR: SQLSTATE[HY000] [2000] mysqlnd cannot connect to MySQL 4.1+ using the old insecure authentication. Please use an administration tool to reset your password with the command SET PASSWORD = PASSWORD('your_existing_password'). This will store a new, and more secure, hash value in mysql.user. If this user is used in other scripts executed by PHP 5.2 or earlier you might need to remove the old-passwords flag from your my.cnf file

[ 2016-07-01T22:38:56+08:00 ] ::1 /xblog/
ERR: SQLSTATE[HY000] [2000] mysqlnd cannot connect to MySQL 4.1+ using the old insecure authentication. Please use an administration tool to reset your password with the command SET PASSWORD = PASSWORD('your_existing_password'). This will store a new, and more secure, hash value in mysql.user. If this user is used in other scripts executed by PHP 5.2 or earlier you might need to remove the old-passwords flag from your my.cnf file

[ 2016-07-01T22:38:58+08:00 ] ::1 /xblog/
ERR: SQLSTATE[HY000] [2000] mysqlnd cannot connect to MySQL 4.1+ using the old insecure authentication. Please use an administration tool to reset your password with the command SET PASSWORD = PASSWORD('your_existing_password'). This will store a new, and more secure, hash value in mysql.user. If this user is used in other scripts executed by PHP 5.2 or earlier you might need to remove the old-passwords flag from your my.cnf file

[ 2016-07-01T22:39:43+08:00 ] ::1 /xblog/
ERR: SQLSTATE[HY000] [2000] mysqlnd cannot connect to MySQL 4.1+ using the old insecure authentication. Please use an administration tool to reset your password with the command SET PASSWORD = PASSWORD('your_existing_password'). This will store a new, and more secure, hash value in mysql.user. If this user is used in other scripts executed by PHP 5.2 or earlier you might need to remove the old-passwords flag from your my.cnf file

[ 2016-07-01T22:39:52+08:00 ] ::1 /xblog/index.php
ERR: SQLSTATE[HY000] [2000] mysqlnd cannot connect to MySQL 4.1+ using the old insecure authentication. Please use an administration tool to reset your password with the command SET PASSWORD = PASSWORD('your_existing_password'). This will store a new, and more secure, hash value in mysql.user. If this user is used in other scripts executed by PHP 5.2 or earlier you might need to remove the old-passwords flag from your my.cnf file

[ 2016-07-01T22:40:44+08:00 ] ::1 /xblog/index.php
INFO: [ app_init ] --START--
INFO: Run Behavior\BuildLiteBehavior [ RunTime:0.000000s ]
INFO: [ app_init ] --END-- [ RunTime:0.001000s ]
INFO: [ app_begin ] --START--
INFO: Run Behavior\ReadHtmlCacheBehavior [ RunTime:0.001000s ]
INFO: [ app_begin ] --END-- [ RunTime:0.001000s ]
NOTIC: [2] PDO::__construct() [<a href='pdo.--construct'>pdo.--construct</a>]: Premature end of data (mysqlnd_wireprotocol.c:553) D:\Program Files\phpstudy2016\WWW\xblog\ThinkPHP\Library\Think\Db\Driver.class.php 第 103 行.
NOTIC: [2] PDO::__construct() [<a href='pdo.--construct'>pdo.--construct</a>]: OK packet 1 bytes shorter than expected D:\Program Files\phpstudy2016\WWW\xblog\ThinkPHP\Library\Think\Db\Driver.class.php 第 103 行.
ERR: SQLSTATE[HY000] [2000] mysqlnd cannot connect to MySQL 4.1+ using the old insecure authentication. Please use an administration tool to reset your password with the command SET PASSWORD = PASSWORD('your_existing_password'). This will store a new, and more secure, hash value in mysql.user. If this user is used in other scripts executed by PHP 5.2 or earlier you might need to remove the old-passwords flag from your my.cnf file

[ 2016-07-01T22:41:14+08:00 ] ::1 /xblog/index.php
INFO: [ app_init ] --START--
INFO: Run Behavior\BuildLiteBehavior [ RunTime:0.000000s ]
INFO: [ app_init ] --END-- [ RunTime:0.001000s ]
INFO: [ app_begin ] --START--
INFO: Run Behavior\ReadHtmlCacheBehavior [ RunTime:0.001000s ]
INFO: [ app_begin ] --END-- [ RunTime:0.001000s ]
NOTIC: [2] PDO::__construct() [<a href='pdo.--construct'>pdo.--construct</a>]: Premature end of data (mysqlnd_wireprotocol.c:553) D:\Program Files\phpstudy2016\WWW\xblog\ThinkPHP\Library\Think\Db\Driver.class.php 第 103 行.
NOTIC: [2] PDO::__construct() [<a href='pdo.--construct'>pdo.--construct</a>]: OK packet 1 bytes shorter than expected D:\Program Files\phpstudy2016\WWW\xblog\ThinkPHP\Library\Think\Db\Driver.class.php 第 103 行.
ERR: SQLSTATE[HY000] [2000] mysqlnd cannot connect to MySQL 4.1+ using the old insecure authentication. Please use an administration tool to reset your password with the command SET PASSWORD = PASSWORD('your_existing_password'). This will store a new, and more secure, hash value in mysql.user. If this user is used in other scripts executed by PHP 5.2 or earlier you might need to remove the old-passwords flag from your my.cnf file

[ 2016-07-01T22:41:40+08:00 ] ::1 /xblog/index.php
INFO: [ app_init ] --START--
INFO: Run Behavior\BuildLiteBehavior [ RunTime:0.000000s ]
INFO: [ app_init ] --END-- [ RunTime:0.001000s ]
INFO: [ app_begin ] --START--
INFO: Run Behavior\ReadHtmlCacheBehavior [ RunTime:0.002000s ]
INFO: [ app_begin ] --END-- [ RunTime:0.002000s ]
NOTIC: [2] PDO::__construct() [<a href='pdo.--construct'>pdo.--construct</a>]: Premature end of data (mysqlnd_wireprotocol.c:553) D:\Program Files\phpstudy2016\WWW\xblog\ThinkPHP\Library\Think\Db\Driver.class.php 第 103 行.
NOTIC: [2] PDO::__construct() [<a href='pdo.--construct'>pdo.--construct</a>]: OK packet 1 bytes shorter than expected D:\Program Files\phpstudy2016\WWW\xblog\ThinkPHP\Library\Think\Db\Driver.class.php 第 103 行.
ERR: SQLSTATE[HY000] [2000] mysqlnd cannot connect to MySQL 4.1+ using the old insecure authentication. Please use an administration tool to reset your password with the command SET PASSWORD = PASSWORD('your_existing_password'). This will store a new, and more secure, hash value in mysql.user. If this user is used in other scripts executed by PHP 5.2 or earlier you might need to remove the old-passwords flag from your my.cnf file

[ 2016-07-01T22:42:22+08:00 ] ::1 /xblog/index.php
INFO: [ app_init ] --START--
INFO: Run Behavior\BuildLiteBehavior [ RunTime:0.000000s ]
INFO: [ app_init ] --END-- [ RunTime:0.000000s ]
INFO: [ app_begin ] --START--
INFO: Run Behavior\ReadHtmlCacheBehavior [ RunTime:0.001000s ]
INFO: [ app_begin ] --END-- [ RunTime:0.001000s ]
NOTIC: [2] PDO::__construct() [<a href='pdo.--construct'>pdo.--construct</a>]: Premature end of data (mysqlnd_wireprotocol.c:553) D:\Program Files\phpstudy2016\WWW\xblog\ThinkPHP\Library\Think\Db\Driver.class.php 第 103 行.
NOTIC: [2] PDO::__construct() [<a href='pdo.--construct'>pdo.--construct</a>]: OK packet 1 bytes shorter than expected D:\Program Files\phpstudy2016\WWW\xblog\ThinkPHP\Library\Think\Db\Driver.class.php 第 103 行.
ERR: SQLSTATE[HY000] [2000] mysqlnd cannot connect to MySQL 4.1+ using the old insecure authentication. Please use an administration tool to reset your password with the command SET PASSWORD = PASSWORD('your_existing_password'). This will store a new, and more secure, hash value in mysql.user. If this user is used in other scripts executed by PHP 5.2 or earlier you might need to remove the old-passwords flag from your my.cnf file

[ 2016-07-01T22:42:36+08:00 ] ::1 /xblog/index.php/admin
INFO: [ app_init ] --START--
INFO: Run Behavior\BuildLiteBehavior [ RunTime:0.000000s ]
INFO: [ app_init ] --END-- [ RunTime:0.001000s ]
INFO: [ app_begin ] --START--
INFO: Run Behavior\ReadHtmlCacheBehavior [ RunTime:0.001000s ]
INFO: [ app_begin ] --END-- [ RunTime:0.001000s ]
ERR: 无法加载控制器:Admin

[ 2016-07-01T22:43:01+08:00 ] ::1 /xblog/index.php/admin
INFO: [ app_init ] --START--
INFO: Run Behavior\BuildLiteBehavior [ RunTime:0.000000s ]
INFO: [ app_init ] --END-- [ RunTime:0.001000s ]
INFO: [ app_begin ] --START--
INFO: Run Behavior\ReadHtmlCacheBehavior [ RunTime:0.001000s ]
INFO: [ app_begin ] --END-- [ RunTime:0.001000s ]
ERR: 无法加载控制器:Admin

[ 2016-07-01T22:43:02+08:00 ] ::1 /xblog/index.php/admin
INFO: [ app_init ] --START--
INFO: Run Behavior\BuildLiteBehavior [ RunTime:0.000000s ]
INFO: [ app_init ] --END-- [ RunTime:0.001000s ]
INFO: [ app_begin ] --START--
INFO: Run Behavior\ReadHtmlCacheBehavior [ RunTime:0.001000s ]
INFO: [ app_begin ] --END-- [ RunTime:0.001000s ]
ERR: 无法加载控制器:Admin

[ 2016-07-01T22:43:41+08:00 ] ::1 /xblog/index.php/admin
INFO: [ app_init ] --START--
INFO: Run Behavior\BuildLiteBehavior [ RunTime:0.000000s ]
INFO: [ app_init ] --END-- [ RunTime:0.002001s ]
INFO: [ app_begin ] --START--
INFO: Run Behavior\ReadHtmlCacheBehavior [ RunTime:0.000000s ]
INFO: [ app_begin ] --END-- [ RunTime:0.000000s ]
ERR: 无法加载控制器:Admin

[ 2016-07-01T22:43:52+08:00 ] ::1 /xblog/index.php/Admin
INFO: [ app_init ] --START--
INFO: Run Behavior\BuildLiteBehavior [ RunTime:0.000000s ]
INFO: [ app_init ] --END-- [ RunTime:0.001000s ]
INFO: [ app_begin ] --START--
INFO: Run Behavior\ReadHtmlCacheBehavior [ RunTime:0.003000s ]
INFO: [ app_begin ] --END-- [ RunTime:0.003000s ]
ERR: 无法加载控制器:Admin

[ 2016-07-01T22:43:55+08:00 ] ::1 /xblog/index.php
INFO: [ app_init ] --START--
INFO: Run Behavior\BuildLiteBehavior [ RunTime:0.000000s ]
INFO: [ app_init ] --END-- [ RunTime:0.000000s ]
INFO: [ app_begin ] --START--
INFO: Run Behavior\ReadHtmlCacheBehavior [ RunTime:0.001000s ]
INFO: [ app_begin ] --END-- [ RunTime:0.001000s ]
NOTIC: [2] PDO::__construct() [<a href='pdo.--construct'>pdo.--construct</a>]: Premature end of data (mysqlnd_wireprotocol.c:553) D:\Program Files\phpstudy2016\WWW\xblog\ThinkPHP\Library\Think\Db\Driver.class.php 第 103 行.
NOTIC: [2] PDO::__construct() [<a href='pdo.--construct'>pdo.--construct</a>]: OK packet 1 bytes shorter than expected D:\Program Files\phpstudy2016\WWW\xblog\ThinkPHP\Library\Think\Db\Driver.class.php 第 103 行.
ERR: SQLSTATE[HY000] [2000] mysqlnd cannot connect to MySQL 4.1+ using the old insecure authentication. Please use an administration tool to reset your password with the command SET PASSWORD = PASSWORD('your_existing_password'). This will store a new, and more secure, hash value in mysql.user. If this user is used in other scripts executed by PHP 5.2 or earlier you might need to remove the old-passwords flag from your my.cnf file

[ 2016-07-01T22:44:31+08:00 ] ::1 /xblog/index.php
INFO: [ app_init ] --START--
INFO: Run Behavior\BuildLiteBehavior [ RunTime:0.000000s ]
INFO: [ app_init ] --END-- [ RunTime:0.000000s ]
INFO: [ app_begin ] --START--
INFO: Run Behavior\ReadHtmlCacheBehavior [ RunTime:0.001000s ]
INFO: [ app_begin ] --END-- [ RunTime:0.001000s ]
INFO: [ view_parse ] --START--
INFO: [ template_filter ] --START--
INFO: Run Behavior\ContentReplaceBehavior [ RunTime:0.000000s ]
INFO: [ template_filter ] --END-- [ RunTime:0.000000s ]
NOTIC: [8] Undefined variable: nav D:\Program Files\phpstudy2016\WWW\xblog\Runtime\Cache\Index\03f6ac34b5afa1619f4b0c5ede5adbfd.php 第 23 行.
NOTIC: [8] Undefined variable: article D:\Program Files\phpstudy2016\WWW\xblog\Runtime\Cache\Index\03f6ac34b5afa1619f4b0c5ede5adbfd.php 第 44 行.
NOTIC: [8] Undefined variable: cat D:\Program Files\phpstudy2016\WWW\xblog\Runtime\Cache\Index\03f6ac34b5afa1619f4b0c5ede5adbfd.php 第 94 行.
NOTIC: [8] Undefined variable: hot D:\Program Files\phpstudy2016\WWW\xblog\Runtime\Cache\Index\03f6ac34b5afa1619f4b0c5ede5adbfd.php 第 110 行.
NOTIC: [8] Undefined variable: link D:\Program Files\phpstudy2016\WWW\xblog\Runtime\Cache\Index\03f6ac34b5afa1619f4b0c5ede5adbfd.php 第 125 行.
INFO: Run Behavior\ParseTemplateBehavior [ RunTime:0.023002s ]
INFO: [ view_parse ] --END-- [ RunTime:0.023002s ]
INFO: [ view_filter ] --START--
INFO: Run Behavior\WriteHtmlCacheBehavior [ RunTime:0.000000s ]
INFO: [ view_filter ] --END-- [ RunTime:0.001000s ]
INFO: [ app_end ] --START--
INFO: Run Behavior\ShowPageTraceBehavior [ RunTime:0.001000s ]
INFO: [ app_end ] --END-- [ RunTime:0.001000s ]

[ 2016-07-01T22:44:54+08:00 ] ::1 /xblog/index.php
INFO: [ app_init ] --START--
INFO: Run Behavior\BuildLiteBehavior [ RunTime:0.000000s ]
INFO: [ app_init ] --END-- [ RunTime:0.001000s ]
INFO: [ app_begin ] --START--
INFO: Run Behavior\ReadHtmlCacheBehavior [ RunTime:0.001001s ]
INFO: [ app_begin ] --END-- [ RunTime:0.001001s ]
NOTIC: [2] PDO::__construct() [<a href='pdo.--construct'>pdo.--construct</a>]: Premature end of data (mysqlnd_wireprotocol.c:553) D:\Program Files\phpstudy2016\WWW\xblog\ThinkPHP\Library\Think\Db\Driver.class.php 第 103 行.
NOTIC: [2] PDO::__construct() [<a href='pdo.--construct'>pdo.--construct</a>]: OK packet 1 bytes shorter than expected D:\Program Files\phpstudy2016\WWW\xblog\ThinkPHP\Library\Think\Db\Driver.class.php 第 103 行.
ERR: SQLSTATE[HY000] [2000] mysqlnd cannot connect to MySQL 4.1+ using the old insecure authentication. Please use an administration tool to reset your password with the command SET PASSWORD = PASSWORD('your_existing_password'). This will store a new, and more secure, hash value in mysql.user. If this user is used in other scripts executed by PHP 5.2 or earlier you might need to remove the old-passwords flag from your my.cnf file

[ 2016-07-01T22:45:30+08:00 ] ::1 /xblog/index.php
ERR: SQLSTATE[HY000] [2000] mysqlnd cannot connect to MySQL 4.1+ using the old insecure authentication. Please use an administration tool to reset your password with the command SET PASSWORD = PASSWORD('your_existing_password'). This will store a new, and more secure, hash value in mysql.user. If this user is used in other scripts executed by PHP 5.2 or earlier you might need to remove the old-passwords flag from your my.cnf file

[ 2016-07-01T22:50:38+08:00 ] ::1 /xblog/index.php
ERR: SQLSTATE[HY000] [2000] mysqlnd cannot connect to MySQL 4.1+ using the old insecure authentication. Please use an administration tool to reset your password with the command SET PASSWORD = PASSWORD('your_existing_password'). This will store a new, and more secure, hash value in mysql.user. If this user is used in other scripts executed by PHP 5.2 or earlier you might need to remove the old-passwords flag from your my.cnf file

[ 2016-07-01T22:50:48+08:00 ] ::1 /xblog/index.php
ERR: SQLSTATE[HY000] [2000] mysqlnd cannot connect to MySQL 4.1+ using the old insecure authentication. Please use an administration tool to reset your password with the command SET PASSWORD = PASSWORD('your_existing_password'). This will store a new, and more secure, hash value in mysql.user. If this user is used in other scripts executed by PHP 5.2 or earlier you might need to remove the old-passwords flag from your my.cnf file

[ 2016-07-01T22:50:50+08:00 ] ::1 /xblog/index.php
ERR: SQLSTATE[HY000] [2000] mysqlnd cannot connect to MySQL 4.1+ using the old insecure authentication. Please use an administration tool to reset your password with the command SET PASSWORD = PASSWORD('your_existing_password'). This will store a new, and more secure, hash value in mysql.user. If this user is used in other scripts executed by PHP 5.2 or earlier you might need to remove the old-passwords flag from your my.cnf file

[ 2016-07-01T22:51:05+08:00 ] ::1 /xblog/index.php
ERR: SQLSTATE[HY000] [2000] mysqlnd cannot connect to MySQL 4.1+ using the old insecure authentication. Please use an administration tool to reset your password with the command SET PASSWORD = PASSWORD('your_existing_password'). This will store a new, and more secure, hash value in mysql.user. If this user is used in other scripts executed by PHP 5.2 or earlier you might need to remove the old-passwords flag from your my.cnf file

