[ 2016-07-02T07:58:55+08:00 ] ::1 /xblog/
ERR: 1054:Unknown column 'nav' in 'field list'
 [ SQL语句 ] : SELECT `nav`,`url`,`name` FROM `z_nav` ORDER BY sort desc LIMIT 0,6  

[ 2016-07-02T08:04:49+08:00 ] ::1 /xblog/index.php/Index/index/p/2.html
ERR: 非法操作:p

[ 2016-07-02T08:06:13+08:00 ] ::1 /xblog/index.php/Index/index/p/2.html
ERR: 非法操作:p

[ 2016-07-02T08:07:29+08:00 ] ::1 /xblog/index.php/Index/index/p/2.html
ERR: 非法操作:p

[ 2016-07-02T08:15:26+08:00 ] ::1 /xblog/index.php/Index/index/p/2.html
ERR: 非法操作:p

[ 2016-07-02T08:17:54+08:00 ] ::1 /xblog/index.php/Index/index/p/2.html
ERR: 非法操作:p

[ 2016-07-02T08:21:02+08:00 ] ::1 /xblog/index.php/Index/index/p/2.html
ERR: 非法操作:p

[ 2016-07-02T08:22:44+08:00 ] ::1 /xblog/index.php/Index/index/p/2.html
ERR: 非法操作:p

[ 2016-07-02T08:23:56+08:00 ] ::1 /xblog/index.php/Index/index/p/2.html
ERR: 非法操作:p

[ 2016-07-02T08:25:14+08:00 ] ::1 /xblog/Index/index/p/2.html
ERR: 非法操作:p

[ 2016-07-02T08:28:42+08:00 ] ::1 /xblog/index.php/Index/index/p/2.html
ERR: 非法操作:p

[ 2016-07-02T08:29:36+08:00 ] ::1 /xblog/index.php/Index/index/p/2.html
ERR: 非法操作:p

[ 2016-07-02T08:30:07+08:00 ] ::1 /xblog/index.php/Index/index/p/2.html
ERR: 非法操作:p

[ 2016-07-02T08:39:13+08:00 ] ::1 /xblog/index.php/Admin/Article/index/p/3.html
ERR: 无法加载控制器:Admin

[ 2016-07-02T08:39:24+08:00 ] ::1 /xblog/index.php/Admin/index/index.html
ERR: 无法加载控制器:Admin

[ 2016-07-02T08:40:30+08:00 ] ::1 /xblog/index.php/Admin/index/index.html
ERR: 无法加载控制器:Admin

[ 2016-07-02T08:40:39+08:00 ] ::1 /xblog/index.php/Admin
ERR: 无法加载控制器:Admin

[ 2016-07-02T08:41:57+08:00 ] ::1 /xblog/index.php/Admin
ERR: 无法加载控制器:Admin

[ 2016-07-02T08:42:28+08:00 ] ::1 /xblog/Admin/index
ERR: 无法加载控制器:Admin

[ 2016-07-02T08:42:44+08:00 ] ::1 /xblog/index.php/Index/index/p/2.html
ERR: 非法操作:p

[ 2016-07-02T08:42:59+08:00 ] ::1 /xblog/index.php/Index/index/p/2.html
ERR: 非法操作:p

[ 2016-07-02T08:45:11+08:00 ] ::1 /xblog/index.php/Index/index/p/2.html
ERR: 非法操作:p

[ 2016-07-02T22:47:17+08:00 ] ::1 /xblog/index.php/Index/index/
INFO: [ app_init ] --START--
INFO: Run Behavior\BuildLiteBehavior [ RunTime:0.000000s ]
INFO: [ app_init ] --END-- [ RunTime:0.001000s ]
INFO: [ app_begin ] --START--
INFO: Run Behavior\ReadHtmlCacheBehavior [ RunTime:0.001000s ]
INFO: [ app_begin ] --END-- [ RunTime:0.001000s ]
INFO: [ view_parse ] --START--
INFO: [ template_filter ] --START--
INFO: Run Behavior\ContentReplaceBehavior [ RunTime:0.000000s ]
INFO: [ template_filter ] --END-- [ RunTime:0.000000s ]
INFO: Run Behavior\ParseTemplateBehavior [ RunTime:0.009001s ]
INFO: [ view_parse ] --END-- [ RunTime:0.009001s ]
INFO: [ view_filter ] --START--
INFO: Run Behavior\WriteHtmlCacheBehavior [ RunTime:0.000000s ]
INFO: [ view_filter ] --END-- [ RunTime:0.000000s ]
INFO: [ app_end ] --START--
INFO: Run Behavior\ShowPageTraceBehavior [ RunTime:0.000000s ]
INFO: [ app_end ] --END-- [ RunTime:0.002000s ]

